<?xml version="1.0" encoding="UTF-8"?>
<testng-results ignored="0" total="0" passed="0" failed="0" skipped="0">
  <reporter-output>
  </reporter-output>
  <suite started-at="2024-12-09T11:19:24 WIB" name="TestSuite" finished-at="2024-12-09T11:19:24 WIB" duration-ms="11">
    <groups>
    </groups>
    <test started-at="2024-12-09T11:19:24 WIB" name="TestAPICart1" finished-at="2024-12-09T11:19:24 WIB" duration-ms="11">
    </test> <!-- TestAPICart1 -->
  </suite> <!-- TestSuite -->
</testng-results>
